f:\qt\qt_d3d11\qt_d3d11\x64\debug\vc142.pdb
f:\qt\qt_d3d11\qt_d3d11\x64\debug\qrc_qt_d3d11.obj
f:\qt\qt_d3d11\qt_d3d11\x64\debug\dxwindow.obj
f:\qt\qt_d3d11\qt_d3d11\x64\debug\lightclass.obj
f:\qt\qt_d3d11\qt_d3d11\x64\debug\rendertextureclass.obj
f:\qt\qt_d3d11\qt_d3d11\x64\debug\d3dclass.obj
f:\qt\qt_d3d11\qt_d3d11\x64\debug\textureclass.obj
f:\qt\qt_d3d11\qt_d3d11\x64\debug\modelclass.obj
f:\qt\qt_d3d11\qt_d3d11\x64\debug\main.obj
f:\qt\qt_d3d11\qt_d3d11\x64\debug\inputclass.obj
f:\qt\qt_d3d11\qt_d3d11\x64\debug\refractionshaderclass.obj
f:\qt\qt_d3d11\qt_d3d11\x64\debug\lightshaderclass.obj
f:\qt\qt_d3d11\qt_d3d11\x64\debug\fireclass.obj
f:\qt\qt_d3d11\qt_d3d11\x64\debug\qt_d3d11.obj
f:\qt\qt_d3d11\qt_d3d11\x64\debug\fireshaderclass.obj
f:\qt\qt_d3d11\qt_d3d11\x64\debug\watershaderclass.obj
f:\qt\qt_d3d11\qt_d3d11\x64\debug\graphicsclass.obj
f:\qt\qt_d3d11\qt_d3d11\x64\debug\cameraclass.obj
f:\qt\qt_d3d11\qt_d3d11\x64\debug\speclightshaderclass.obj
f:\qt\qt_d3d11\qt_d3d11\x64\debug\moc_dxwindow.obj
f:\qt\qt_d3d11\qt_d3d11\x64\debug\moc_qt_d3d11.obj
f:\qt\qt_d3d11\x64\debug\qt_d3d11.ilk
f:\qt\qt_d3d11\x64\debug\qt_d3d11.exe
f:\qt\qt_d3d11\x64\debug\qt_d3d11.pdb
f:\qt\qt_d3d11\qt_d3d11\x64\debug\moc\moc_dxwindow.cpp
f:\qt\qt_d3d11\qt_d3d11\x64\debug\moc\moc_qt_d3d11.cpp
f:\qt\qt_d3d11\qt_d3d11\x64\debug\uic\ui_qt_d3d11.h
f:\qt\qt_d3d11\qt_d3d11\x64\debug\rcc\qrc_qt_d3d11.cpp
f:\qt\qt_d3d11\qt_d3d11\x64\debug\qt_d3d11.tlog\cl.command.1.tlog
f:\qt\qt_d3d11\qt_d3d11\x64\debug\qt_d3d11.tlog\cl.read.1.tlog
f:\qt\qt_d3d11\qt_d3d11\x64\debug\qt_d3d11.tlog\cl.write.1.tlog
f:\qt\qt_d3d11\qt_d3d11\x64\debug\qt_d3d11.tlog\link.command.1.tlog
f:\qt\qt_d3d11\qt_d3d11\x64\debug\qt_d3d11.tlog\link.read.1.tlog
f:\qt\qt_d3d11\qt_d3d11\x64\debug\qt_d3d11.tlog\link.write.1.tlog
f:\qt\qt_d3d11\qt_d3d11\x64\debug\qt_d3d11.tlog\moc.read.1u.tlog
f:\qt\qt_d3d11\qt_d3d11\x64\debug\qt_d3d11.tlog\moc.write.1u.tlog
f:\qt\qt_d3d11\qt_d3d11\x64\debug\qt_d3d11.tlog\qt_d3d11.write.1u.tlog
f:\qt\qt_d3d11\qt_d3d11\x64\debug\qt_d3d11.tlog\rcc.read.1u.tlog
f:\qt\qt_d3d11\qt_d3d11\x64\debug\qt_d3d11.tlog\rcc.write.1u.tlog
f:\qt\qt_d3d11\qt_d3d11\x64\debug\qt_d3d11.tlog\uic.read.1u.tlog
f:\qt\qt_d3d11\qt_d3d11\x64\debug\qt_d3d11.tlog\uic.write.1u.tlog
